
Welcome to React Native v0.80
Starting dev server on http://localhost:8081


                        ▒▒▓▓▓▓▒▒
                     ▒▓▓▓▒▒░░▒▒▓▓▓▒
                  ▒▓▓▓▓░░░▒▒▒▒░░░▓▓▓▓▒
                 ▓▓▒▒▒▓▓▓▓▓▓▓▓▓▓▓▓▒▒▒▓▓
                 ▓▓░░░░░▒▓▓▓▓▓▓▒░░░░░▓▓
                 ▓▓░░▓▓▒░░░▒▒░░░▒▓▒░░▓▓
                 ▓▓░░▓▓▓▓▓▒▒▒▒▓▓▓▓▒░░▓▓
                 ▓▓░░▓▓▓▓▓▓▓▓▓▓▓▓▓▒░░▓▓
                 ▓▓▒░░▒▒▓▓▓▓▓▓▓▓▒░░░▒▓▓
                  ▒▓▓▓▒░░░▒▓▓▒░░░▒▓▓▓▒
                     ▒▓▓▓▒░░░░▒▓▓▓▒
                        ▒▒▓▓▓▓▒▒


 WARN  the transform cache was reset.
                Welcome to Metro v0.82.5
              Fast - Scalable - Integrated


 INFO  Dev server ready. Press Ctrl+C to exit.
 INFO  Key commands available:

   r  - reload app(s)
   d  - open Dev Menu
   j  - open DevTools

 BUNDLE  ./index.js ░░░░░░░░░░░░░░░░ 0.0% (0/1)
 BUNDLE  ./index.js ▓▓▓▓▓▓▓▓▓▓▓░░░░░ 72.1% (970/1142)
 BUNDLE  ./index.js 
 INFO  Connection established to app='com.geckorobotics.l3ep' on device='SM-S938U - 15 - API 35'.
 INFO  [1m[7m💡 JavaScript logs have moved![22m They can now be viewed in React Native DevTools. Tip: Type [1mj[22m in the terminal to open (requires Google Chrome or Microsoft Edge).[27m
 BUNDLE  ./index.js ░░░░░░░░░░░░░░░░ 0.0% (0/1)
 BUNDLE  ./index.js 
 INFO  Connection established to app='com.geckorobotics.l3ep' on device='SM-S938U - 15 - API 35'.
 INFO  Connection closed to device='SM-S938U - 15 - API 35' for app='com.geckorobotics.l3ep' with code='1006' and reason=''.
 INFO  Connection closed to device='SM-S938U - 15 - API 35' for app='com.geckorobotics.l3ep' with code='1006' and reason=''.
 BUNDLE  ./index.js 
 INFO  Connection established to app='com.geckorobotics.l3ep' on device='SM-S938U - 15 - API 35'.
 INFO  Connection closed to device='SM-S938U - 15 - API 35' for app='com.geckorobotics.l3ep' with code='1006' and reason=''.
 BUNDLE  ./index.js ░░░░░░░░░░░░░░░░ 0.0% (0/1)
 BUNDLE  ./index.js 
 INFO  Connection established to app='com.geckorobotics.l3ep' on device='SM-S938U - 15 - API 35'.

Could not open ScrollView.js in the editor.
The editor process exited with an error: spawn cursor ENOENT ('cursor' command does not exist in 'PATH').


Could not open ScrollView.js in the editor.
The editor process exited with an error: spawn cursor ENOENT ('cursor' command does not exist in 'PATH').

 INFO  Connection closed to device='SM-S938U - 15 - API 35' for app='com.geckorobotics.l3ep' with code='1006' and reason=''.
 BUNDLE  ./index.js ░░░░░░░░░░░░░░░░ 0.0% (0/1)
 BUNDLE  ./index.js 
 INFO  Connection established to app='com.geckorobotics.l3ep' on device='SM-S938U - 15 - API 35'.
 INFO  Connection closed to device='SM-S938U - 15 - API 35' for app='com.geckorobotics.l3ep' with code='1006' and reason=''.
 BUNDLE  ./index.js 
 INFO  Connection established to app='com.geckorobotics.l3ep' on device='SM-S938U - 15 - API 35'.
 INFO  Connection closed to device='SM-S938U - 15 - API 35' for app='com.geckorobotics.l3ep' with code='1006' and reason=''.
 BUNDLE  ./index.js ░░░░░░░░░░░░░░░░ 0.0% (0/1)
 BUNDLE  ./index.js 
 INFO  Connection established to app='com.geckorobotics.l3ep' on device='SM-S938U - 15 - API 35'.
 INFO  Connection closed to device='SM-S938U - 15 - API 35' for app='com.geckorobotics.l3ep' with code='1006' and reason=''.
 BUNDLE  ./index.js 
 INFO  Connection established to app='com.geckorobotics.l3ep' on device='SM-S938U - 15 - API 35'.
 INFO  Connection closed to device='SM-S938U - 15 - API 35' for app='com.geckorobotics.l3ep' with code='1006' and reason=''.
 BUNDLE  ./index.js 
 INFO  Connection established to app='com.geckorobotics.l3ep' on device='SM-S938U - 15 - API 35'.
 INFO  Connection closed to device='SM-S938U - 15 - API 35' for app='com.geckorobotics.l3ep' with code='1006' and reason=''.
 BUNDLE  ./index.js 
 INFO  Connection established to app='com.geckorobotics.l3ep' on device='SM-S938U - 15 - API 35'.
 ERROR  Error: Unable to resolve module @components/ErrorBoundary from /Users/michael.belcher/Desktop/L3EP/App.tsx: @components/ErrorBoundary could not be found within the project or in these directories:
  node_modules
  node_modules
  27 | import { diagnostics } from './src/utils/diagnostics';
  28 | import { colors } from '@constants/colors';
> 29 | import ErrorBoundary from '@components/ErrorBoundary';
     |                            ^
  30 |
  31 | // Screens
  32 | import HomeScreen from '@screens/HomeScreen';
    at ModuleResolver.resolveDependency (/Users/michael.belcher/Desktop/L3EP/node_modules/metro/src/node-haste/DependencyGraph/ModuleResolution.js:150:15)
    at DependencyGraph.resolveDependency (/Users/michael.belcher/Desktop/L3EP/node_modules/metro/src/node-haste/DependencyGraph.js:239:43)
    at /Users/michael.belcher/Desktop/L3EP/node_modules/metro/src/lib/transformHelpers.js:161:21
    at resolveDependencies (/Users/michael.belcher/Desktop/L3EP/node_modules/metro/src/DeltaBundler/buildSubgraph.js:43:25)
    at visit (/Users/michael.belcher/Desktop/L3EP/node_modules/metro/src/DeltaBundler/buildSubgraph.js:81:30)
    at process.processTicksAndRejections (node:internal/process/task_queues:105:5)
    at async Promise.all (index 0)
    at async buildSubgraph (/Users/michael.belcher/Desktop/L3EP/node_modules/metro/src/DeltaBundler/buildSubgraph.js:105:3)
    at async Graph._buildDelta (/Users/michael.belcher/Desktop/L3EP/node_modules/metro/src/DeltaBundler/Graph.js:158:22)
    at async Graph.traverseDependencies (/Users/michael.belcher/Desktop/L3EP/node_modules/metro/src/DeltaBundler/Graph.js:50:19)
 INFO  Connection closed to device='SM-S938U - 15 - API 35' for app='com.geckorobotics.l3ep' with code='1006' and reason=''.
 BUNDLE  ./index.js 
 INFO  Connection established to app='com.geckorobotics.l3ep' on device='SM-S938U - 15 - API 35'.
 INFO  Connection closed to device='SM-S938U - 15 - API 35' for app='com.geckorobotics.l3ep' with code='1006' and reason=''.
